[25-02-2022 13:04:54] [info] - [Express] Server started successfully and listening on port 8000...
[25-02-2022 13:04:54] [info] - [MongoDB] Database Server started...
[25-02-2022 13:05:24] [info] - [Express] Server started successfully on port 8000...
[25-02-2022 13:05:24] [info] - [MongoDB] Database Server started...
[25-02-2022 13:08:30] [info] - [Express] Server started successfully on port 8000...
[25-02-2022 13:08:30] [info] - [MongoDB] Database Server started...
[25-02-2022 13:09:09] [info] - [Express] Server started successfully on port 8000...
[25-02-2022 13:09:09] [info] - [MongoDB] Database Server started...
[25-02-2022 13:09:19] [info] - [Express] Server started successfully on port 8000...
[25-02-2022 13:09:19] [info] - [MongoDB] Database Server started...
[25-02-2022 13:09:31] [info] - [Express] Server started successfully on port 8000...
[25-02-2022 13:09:31] [info] - [MongoDB] Database Server started...
[25-02-2022 15:48:45] [info] - [Express] Server started successfully on port 8000...
[25-02-2022 15:48:45] [info] - [MongoDB] Database Server started...
[25-02-2022 15:48:50] [info] - [Express] Server started successfully on port 8000...
[25-02-2022 15:48:50] [info] - [MongoDB] Database Server started...
[25-02-2022 15:59:44] [info] - [Express] Server started successfully on port 8000...
[25-02-2022 15:59:44] [info] - [MongoDB] Database Server started...
[25-02-2022 16:01:01] [info] - [Express] Server started successfully on port 8000...
[25-02-2022 16:01:01] [info] - [MongoDB] Database Server started...
[25-02-2022 16:01:40] [info] - [Express] Server started successfully on port 8000...
[25-02-2022 16:01:40] [info] - [MongoDB] Database Server started...
[25-02-2022 16:02:17] [info] - [Express] Server started successfully on port 8000...
[25-02-2022 16:02:17] [info] - [MongoDB] Database Server started...
[25-02-2022 16:03:55] [info] - [Express] Server started successfully on port 8000...
[25-02-2022 16:03:55] [info] - [MongoDB] Database Server started...
[25-02-2022 16:04:09] [info] - [Express] Server started successfully on port 8000...
[25-02-2022 16:04:09] [info] - [MongoDB] Database Server started...
[25-02-2022 16:05:44] [info] - [Express] Server started successfully on port 8000...
[25-02-2022 16:05:44] [info] - [MongoDB] Database Server started...
[25-02-2022 16:07:14] [info] - [Express] Server started successfully on port 8000...
[25-02-2022 16:07:14] [info] - [MongoDB] Database Server started...
[25-02-2022 16:08:57] [info] - [Express] Server started successfully on port 8000...
[25-02-2022 16:08:57] [info] - [MongoDB] Database Server started...
[25-02-2022 16:09:16] [info] - [Express] Server started successfully on port 8000...
[25-02-2022 16:09:16] [info] - [MongoDB] Database Server started...
[25-02-2022 16:12:00] [info] - [Express] Server started successfully on port 8000...
[25-02-2022 16:12:00] [info] - [MongoDB] Database Server started...
[25-02-2022 16:12:20] [info] - [Express] Server started successfully on port 8000...
[25-02-2022 16:12:20] [info] - [MongoDB] Database Server started...
[25-02-2022 16:12:36] [info] - [Express] Server started successfully on port 8000...
[25-02-2022 16:12:36] [info] - [MongoDB] Database Server started...
[25-02-2022 16:15:54] [info] - [Express] Server started successfully on port 8000...
[25-02-2022 16:15:54] [info] - [MongoDB] Database Server started...
[25-02-2022 16:16:05] [info] - [Express] Server started successfully on port 8000...
[25-02-2022 16:16:05] [info] - [MongoDB] Database Server started...
[25-02-2022 16:16:55] [info] - [Express] Server started successfully on port 8000...
[25-02-2022 16:16:55] [info] - [MongoDB] Database Server started...
[25-02-2022 16:20:24] [info] - [Express] Server started successfully on port 8000...
[25-02-2022 16:20:24] [info] - [MongoDB] Database Server started...
[25-02-2022 16:20:30] [info] - [Express] Server started successfully on port 8000...
[25-02-2022 16:20:30] [info] - [MongoDB] Database Server started...
[25-02-2022 16:21:15] [info] - [Express] Server started successfully on port 8000...
[25-02-2022 16:21:15] [info] - [MongoDB] Database Server started...
[25-02-2022 16:21:32] [info] - [Express] Server started successfully on port 8000...
[25-02-2022 16:21:32] [info] - [MongoDB] Database Server started...
[25-02-2022 16:21:50] [info] - [Express] Server started successfully on port 8000...
[25-02-2022 16:21:50] [info] - [MongoDB] Database Server started...
[25-02-2022 16:21:52] [info] - [Express] Server started successfully on port 8000...
[25-02-2022 16:21:52] [info] - [MongoDB] Database Server started...
[25-02-2022 16:22:30] [info] - [Express] Server started successfully on port 8000...
[25-02-2022 16:22:30] [info] - [MongoDB] Database Server started...
[25-02-2022 16:22:39] [info] - [Express] Server started successfully on port 8000...
[25-02-2022 16:22:39] [info] - [MongoDB] Database Server started...
[25-02-2022 16:24:28] [info] - [Express] Server started successfully on port 8000...
[25-02-2022 16:24:28] [info] - [MongoDB] Database Server started...
[25-02-2022 16:26:13] [info] - [Express] Server started successfully on port 8000...
[25-02-2022 16:26:13] [info] - [MongoDB] Database Server started...
[25-02-2022 16:26:22] [info] - [Express] Server started successfully on port 8000...
[25-02-2022 16:26:22] [info] - [MongoDB] Database Server started...
[25-02-2022 16:27:01] [info] - [Express] Server started successfully on port 8000...
[25-02-2022 16:27:01] [info] - [MongoDB] Database Server started...
[25-02-2022 16:27:49] [info] - [Express] Server started successfully on port 8000...
[25-02-2022 16:27:49] [info] - [MongoDB] Database Server started...
[25-02-2022 16:28:06] [info] - [Express] Server started successfully on port 8000...
[25-02-2022 16:28:06] [info] - [MongoDB] Database Server started...
[25-02-2022 16:28:18] [info] - [Express] Server started successfully on port 8000...
[25-02-2022 16:28:18] [info] - [MongoDB] Database Server started...
[25-02-2022 16:28:21] [info] - [Express] Server started successfully on port 8000...
[25-02-2022 16:28:21] [info] - [MongoDB] Database Server started...
[25-02-2022 16:28:52] [info] - [Express] Server started successfully on port 8000...
[25-02-2022 16:28:52] [info] - [MongoDB] Database Server started...
[25-02-2022 16:29:16] [info] - [Express] Server started successfully on port 8000...
[25-02-2022 16:29:16] [info] - [MongoDB] Database Server started...
[25-02-2022 16:29:18] [info] - [Express] Server started successfully on port 8000...
[25-02-2022 16:29:18] [info] - [MongoDB] Database Server started...
[25-02-2022 16:29:47] [info] - [Express] Server started successfully on port 8000...
[25-02-2022 16:29:47] [info] - [MongoDB] Database Server started...
[25-02-2022 16:55:04] [info] - [Express] Server started successfully on port 8000...
[25-02-2022 16:55:04] [info] - [MongoDB] Database Server started...
[25-02-2022 16:58:24] [info] - User 6218ee90a56fcc394e6bfba0 successfully created.
[25-02-2022 17:00:37] [info] - [Express] Server started successfully on port 8000...
[25-02-2022 17:00:37] [info] - [MongoDB] Database Server started...
[25-02-2022 17:01:53] [info] - [Express] Server started successfully on port 8000...
[25-02-2022 17:01:53] [info] - [MongoDB] Database Server started...
[25-02-2022 17:02:33] [info] - [Express] Server started successfully on port 8000...
[25-02-2022 17:02:33] [info] - [MongoDB] Database Server started...
[25-02-2022 17:03:53] [info] - [Express] Server started successfully on port 8000...
[25-02-2022 17:03:53] [info] - [MongoDB] Database Server started...
[25-02-2022 17:04:13] [info] - [Express] Server started successfully on port 8000...
[25-02-2022 17:04:13] [info] - [MongoDB] Database Server started...
[25-02-2022 17:04:19] [info] - [Express] Server started successfully on port 8000...
[25-02-2022 17:04:19] [info] - [MongoDB] Database Server started...
[25-02-2022 17:04:32] [info] - [Express] Server started successfully on port 8000...
[25-02-2022 17:04:32] [info] - [MongoDB] Database Server started...
[25-02-2022 17:05:14] [info] - [Express] Server started successfully on port 8000...
[25-02-2022 17:05:14] [info] - [MongoDB] Database Server started...
[25-02-2022 17:05:37] [info] - [Express] Server started successfully on port 8000...
[25-02-2022 17:05:37] [info] - [MongoDB] Database Server started...
[25-02-2022 17:06:32] [info] - [Express] Server started successfully on port 8000...
[25-02-2022 17:06:32] [info] - [MongoDB] Database Server started...
[25-02-2022 17:06:45] [info] - [Express] Server started successfully on port 8000...
[25-02-2022 17:06:45] [info] - [MongoDB] Database Server started...
[25-02-2022 17:06:54] [info] - [Express] Server started successfully on port 8000...
[25-02-2022 17:06:54] [info] - [MongoDB] Database Server started...
[25-02-2022 17:07:02] [info] - [Express] Server started successfully on port 8000...
[25-02-2022 17:07:02] [info] - [MongoDB] Database Server started...
[25-02-2022 17:07:44] [info] - [Express] Server started successfully on port 8000...
[25-02-2022 17:07:44] [info] - [MongoDB] Database Server started...
[25-02-2022 17:08:00] [info] - [Express] Server started successfully on port 8000...
[25-02-2022 17:08:00] [info] - [MongoDB] Database Server started...
[25-02-2022 17:09:05] [info] - [Express] Server started successfully on port 8000...
[25-02-2022 17:09:05] [info] - [MongoDB] Database Server started...
[25-02-2022 17:09:14] [info] - [Express] Server started successfully on port 8000...
[25-02-2022 17:09:14] [info] - [MongoDB] Database Server started...
[25-02-2022 17:10:19] [info] - Form 6218f15bf9cb4742a9af0e8b successfully created.
[25-02-2022 17:11:00] [info] - Field undefined added to Form 6218f15bf9cb4742a9af0e8b.
[25-02-2022 17:11:22] [info] - [Express] Server started successfully on port 8000...
[25-02-2022 17:11:22] [info] - [MongoDB] Database Server started...
[25-02-2022 17:11:24] [info] - Field undefined added to Form 6218f15bf9cb4742a9af0e8b.
[25-02-2022 17:11:38] [info] - Field undefined added to Form 6218f15bf9cb4742a9af0e8b.
[25-02-2022 17:11:53] [info] - Field undefined added to Form 6218f15bf9cb4742a9af0e8b.
[25-02-2022 17:12:00] [info] - Field undefined added to Form 6218f15bf9cb4742a9af0e8b.
[25-02-2022 17:12:07] [info] - Field undefined added to Form 6218f15bf9cb4742a9af0e8b.
[25-02-2022 17:12:40] [info] - [Express] Server started successfully on port 8000...
[25-02-2022 17:12:40] [info] - [MongoDB] Database Server started...
[25-02-2022 17:13:00] [info] - [Express] Server started successfully on port 8000...
[25-02-2022 17:13:00] [info] - [MongoDB] Database Server started...
[25-02-2022 17:13:06] [info] - Field undefined added to Form 6218f15bf9cb4742a9af0e8b.
[25-02-2022 17:13:13] [info] - Field undefined added to Form 6218f15bf9cb4742a9af0e8b.
[25-02-2022 17:13:32] [info] - [Express] Server started successfully on port 8000...
[25-02-2022 17:13:32] [info] - [MongoDB] Database Server started...
[25-02-2022 17:13:32] [info] - Field undefined added to Form 6218f15bf9cb4742a9af0e8b.
[25-02-2022 17:13:57] [info] - [Express] Server started successfully on port 8000...
[25-02-2022 17:13:57] [info] - [MongoDB] Database Server started...
[25-02-2022 17:14:02] [info] - Field undefined added to Form 6218f15bf9cb4742a9af0e8b.
[25-02-2022 17:14:17] [info] - [Express] Server started successfully on port 8000...
[25-02-2022 17:14:17] [info] - [MongoDB] Database Server started...
[25-02-2022 17:14:20] [info] - Field undefined added to Form 6218f15bf9cb4742a9af0e8b.
[25-02-2022 17:14:38] [info] - [Express] Server started successfully on port 8000...
[25-02-2022 17:14:38] [info] - [MongoDB] Database Server started...
[25-02-2022 17:14:41] [info] - [Express] Server started successfully on port 8000...
[25-02-2022 17:14:41] [info] - [MongoDB] Database Server started...
[25-02-2022 17:14:47] [info] - Field 6218f2678e02aca0618e8013 added to Form 6218f15bf9cb4742a9af0e8b.
[25-02-2022 17:15:29] [info] - Form 6218f2918e02aca0618e8016 successfully created.
[25-02-2022 17:15:54] [info] - [Express] Server started successfully on port 8000...
[25-02-2022 17:15:54] [info] - [MongoDB] Database Server started...
[25-02-2022 17:16:39] [info] - [Express] Server started successfully on port 8000...
[25-02-2022 17:16:39] [info] - [MongoDB] Database Server started...
[25-02-2022 17:19:01] [info] - [Express] Server started successfully on port 8000...
[25-02-2022 17:19:01] [info] - [MongoDB] Database Server started...
[25-02-2022 17:19:40] [info] - [Express] Server started successfully on port 8000...
[25-02-2022 17:19:40] [info] - [MongoDB] Database Server started...
[25-02-2022 17:20:09] [info] - [Express] Server started successfully on port 8000...
[25-02-2022 17:20:09] [info] - [MongoDB] Database Server started...
[25-02-2022 17:20:48] [info] - [Express] Server started successfully on port 8000...
[25-02-2022 17:20:48] [info] - [MongoDB] Database Server started...
[25-02-2022 17:20:52] [info] - [Express] Server started successfully on port 8000...
[25-02-2022 17:20:52] [info] - [MongoDB] Database Server started...
[25-02-2022 17:21:34] [info] - [Express] Server started successfully on port 8000...
[25-02-2022 17:21:34] [info] - [MongoDB] Database Server started...
[25-02-2022 17:21:39] [info] - [Express] Server started successfully on port 8000...
[25-02-2022 17:21:39] [info] - [MongoDB] Database Server started...
[25-02-2022 17:21:53] [info] - [Express] Server started successfully on port 8000...
[25-02-2022 17:21:53] [info] - [MongoDB] Database Server started...
[25-02-2022 17:31:25] [info] - [Express] Server started successfully on port 8000...
[25-02-2022 17:31:25] [info] - [MongoDB] Database Server started...
[25-02-2022 17:31:34] [info] - [Express] Server started successfully on port 8000...
[25-02-2022 17:31:34] [info] - [MongoDB] Database Server started...
[25-02-2022 17:31:54] [info] - [Express] Server started successfully on port 8000...
[25-02-2022 17:31:54] [info] - [MongoDB] Database Server started...
[25-02-2022 17:32:37] [info] - [Express] Server started successfully on port 8000...
[25-02-2022 17:32:37] [info] - [MongoDB] Database Server started...
[25-02-2022 17:36:29] [info] - [Express] Server started successfully on port 8000...
[25-02-2022 17:36:29] [info] - [MongoDB] Database Server started...
[25-02-2022 17:36:34] [info] - [Express] Server started successfully on port 8000...
[25-02-2022 17:36:34] [info] - [MongoDB] Database Server started...
[25-02-2022 17:37:32] [info] - [Express] Server started successfully on port 8000...
[25-02-2022 17:37:32] [info] - [MongoDB] Database Server started...
[25-02-2022 17:37:44] [info] - [Express] Server started successfully on port 8000...
[25-02-2022 17:37:44] [info] - [MongoDB] Database Server started...
[25-02-2022 17:41:44] [info] - [Express] Server started successfully on port 8000...
[25-02-2022 17:41:44] [info] - [MongoDB] Database Server started...
[25-02-2022 17:42:18] [info] - [Express] Server started successfully on port 8000...
[25-02-2022 17:42:18] [info] - [MongoDB] Database Server started...
[25-02-2022 17:42:27] [info] - [Express] Server started successfully on port 8000...
[25-02-2022 17:42:27] [info] - [MongoDB] Database Server started...
[25-02-2022 17:42:33] [info] - [Express] Server started successfully on port 8000...
[25-02-2022 17:42:33] [info] - [MongoDB] Database Server started...
[25-02-2022 17:43:36] [info] - [Express] Server started successfully on port 8000...
[25-02-2022 17:43:36] [info] - [MongoDB] Database Server started...
[25-02-2022 17:43:54] [info] - [Express] Server started successfully on port 8000...
[25-02-2022 17:43:54] [info] - [MongoDB] Database Server started...
[25-02-2022 17:44:03] [info] - [Express] Server started successfully on port 8000...
[25-02-2022 17:44:03] [info] - [MongoDB] Database Server started...
[25-02-2022 17:44:05] [info] - [Express] Server started successfully on port 8000...
[25-02-2022 17:44:05] [info] - [MongoDB] Database Server started...
[25-02-2022 17:44:30] [info] - [Express] Server started successfully on port 8000...
[25-02-2022 17:44:30] [info] - [MongoDB] Database Server started...
[25-02-2022 17:44:54] [info] - [Express] Server started successfully on port 8000...
[25-02-2022 17:44:54] [info] - [MongoDB] Database Server started...
[25-02-2022 17:44:59] [info] - [Express] Server started successfully on port 8000...
[25-02-2022 17:44:59] [info] - [MongoDB] Database Server started...
[25-02-2022 17:46:19] [info] - Field 6218f9cb4d633a7d43144147 added to Form 6218f15bf9cb4742a9af0e8b.
[25-02-2022 17:46:29] [info] - Field 6218f9d54d633a7d4314414b added to Form 6218f15bf9cb4742a9af0e8b.
[25-02-2022 17:46:55] [info] - Field 6218f9ef4d633a7d4314414f added to Form 6218f15bf9cb4742a9af0e8b.
[25-02-2022 17:48:15] [info] - [Express] Server started successfully on port 8000...
[25-02-2022 17:48:15] [info] - [MongoDB] Database Server started...
[25-02-2022 17:49:11] [info] - [Express] Server started successfully on port 8000...
[25-02-2022 17:49:11] [info] - [MongoDB] Database Server started...
[25-02-2022 17:49:53] [info] - [Express] Server started successfully on port 8000...
[25-02-2022 17:49:53] [info] - [MongoDB] Database Server started...
[25-02-2022 17:50:06] [info] - [Express] Server started successfully on port 8000...
[25-02-2022 17:50:06] [info] - [MongoDB] Database Server started...
[25-02-2022 17:50:18] [info] - [Express] Server started successfully on port 8000...
[25-02-2022 17:50:18] [info] - [MongoDB] Database Server started...
[25-02-2022 17:50:39] [info] - [Express] Server started successfully on port 8000...
[25-02-2022 17:50:39] [info] - [MongoDB] Database Server started...
[25-02-2022 17:55:18] [info] - [Express] Server started successfully on port 8000...
[25-02-2022 17:55:18] [info] - [MongoDB] Database Server started...
[25-02-2022 17:55:58] [info] - [Express] Server started successfully on port 8000...
[25-02-2022 17:55:58] [info] - [MongoDB] Database Server started...
[25-02-2022 17:56:43] [info] - [Express] Server started successfully on port 8000...
[25-02-2022 17:56:43] [info] - [MongoDB] Database Server started...
[25-02-2022 17:56:46] [info] - [Express] Server started successfully on port 8000...
[25-02-2022 17:56:46] [info] - [MongoDB] Database Server started...
[25-02-2022 17:58:06] [info] - [Express] Server started successfully on port 8000...
[25-02-2022 17:58:06] [info] - [MongoDB] Database Server started...
[25-02-2022 17:58:23] [info] - [Express] Server started successfully on port 8000...
[25-02-2022 17:58:23] [info] - [MongoDB] Database Server started...
[25-02-2022 17:59:10] [info] - [Express] Server started successfully on port 8000...
[25-02-2022 17:59:10] [info] - [MongoDB] Database Server started...
[25-02-2022 18:00:03] [info] - [Express] Server started successfully on port 8000...
[25-02-2022 18:00:03] [info] - [MongoDB] Database Server started...
[25-02-2022 18:00:27] [info] - [Express] Server started successfully on port 8000...
[25-02-2022 18:00:27] [info] - [MongoDB] Database Server started...
[25-02-2022 18:05:18] [info] - [Express] Server started successfully on port 8000...
[25-02-2022 18:05:18] [info] - [MongoDB] Database Server started...
[25-02-2022 18:05:22] [info] - [Express] Server started successfully on port 8000...
[25-02-2022 18:05:22] [info] - [MongoDB] Database Server started...
[25-02-2022 18:05:28] [info] - [Express] Server started successfully on port 8000...
[25-02-2022 18:05:28] [info] - [MongoDB] Database Server started...
[25-02-2022 18:06:33] [info] - [Express] Server started successfully on port 8000...
[25-02-2022 18:06:33] [info] - [MongoDB] Database Server started...
[25-02-2022 18:06:58] [info] - [Express] Server started successfully on port 8000...
[25-02-2022 18:06:58] [info] - [MongoDB] Database Server started...
[25-02-2022 18:07:33] [info] - [Express] Server started successfully on port 8000...
[25-02-2022 18:07:33] [info] - [MongoDB] Database Server started...
[25-02-2022 18:08:43] [info] - [Express] Server started successfully on port 8000...
[25-02-2022 18:08:43] [info] - [MongoDB] Database Server started...
[25-02-2022 18:09:30] [info] - [Express] Server started successfully on port 8000...
[25-02-2022 18:09:30] [info] - [MongoDB] Database Server started...
[25-02-2022 18:09:35] [info] - [Express] Server started successfully on port 8000...
[25-02-2022 18:09:35] [info] - [MongoDB] Database Server started...
[25-02-2022 18:10:01] [info] - [Express] Server started successfully on port 8000...
[25-02-2022 18:10:01] [info] - [MongoDB] Database Server started...
[25-02-2022 18:11:03] [info] - [Express] Server started successfully on port 8000...
[25-02-2022 18:11:03] [info] - [MongoDB] Database Server started...
[25-02-2022 18:11:06] [info] - [Express] Server started successfully on port 8000...
[25-02-2022 18:11:06] [info] - [MongoDB] Database Server started...
[25-02-2022 18:11:19] [info] - [Express] Server started successfully on port 8000...
[25-02-2022 18:11:19] [info] - [MongoDB] Database Server started...
[25-02-2022 18:11:24] [info] - [Express] Server started successfully on port 8000...
[25-02-2022 18:11:24] [info] - [MongoDB] Database Server started...
[25-02-2022 18:12:54] [info] - [Express] Server started successfully on port 8000...
[25-02-2022 18:12:54] [info] - [MongoDB] Database Server started...
[25-02-2022 18:13:20] [info] - [Express] Server started successfully on port 8000...
[25-02-2022 18:13:20] [info] - [MongoDB] Database Server started...
[25-02-2022 18:13:30] [info] - [Express] Server started successfully on port 8000...
[25-02-2022 18:13:30] [info] - [MongoDB] Database Server started...
[25-02-2022 18:14:21] [info] - [Express] Server started successfully on port 8000...
[25-02-2022 18:14:21] [info] - [MongoDB] Database Server started...
[25-02-2022 18:15:07] [info] - [Express] Server started successfully on port 8000...
[25-02-2022 18:15:07] [info] - [MongoDB] Database Server started...
[25-02-2022 18:22:28] [info] - [Express] Server started successfully on port 8000...
[25-02-2022 18:22:28] [info] - [MongoDB] Database Server started...
[25-02-2022 18:22:43] [info] - [Express] Server started successfully on port 8000...
[25-02-2022 18:22:43] [info] - [MongoDB] Database Server started...
[25-02-2022 18:23:39] [info] - [Express] Server started successfully on port 8000...
[25-02-2022 18:23:39] [info] - [MongoDB] Database Server started...
[25-02-2022 18:23:50] [info] - [Express] Server started successfully on port 8000...
[25-02-2022 18:23:50] [info] - [MongoDB] Database Server started...
[25-02-2022 18:24:28] [info] - [Express] Server started successfully on port 8000...
[25-02-2022 18:24:28] [info] - [MongoDB] Database Server started...
[25-02-2022 18:27:14] [info] - [Express] Server started successfully on port 8000...
[25-02-2022 18:27:14] [info] - [MongoDB] Database Server started...
[25-02-2022 18:27:43] [info] - [Express] Server started successfully on port 8000...
[25-02-2022 18:27:43] [info] - [MongoDB] Database Server started...
[25-02-2022 18:28:59] [info] - [Express] Server started successfully on port 8000...
[25-02-2022 18:28:59] [info] - [MongoDB] Database Server started...
[25-02-2022 18:29:13] [info] - [Express] Server started successfully on port 8000...
[25-02-2022 18:29:13] [info] - [MongoDB] Database Server started...
[25-02-2022 18:29:23] [info] - [Express] Server started successfully on port 8000...
[25-02-2022 18:29:23] [info] - [MongoDB] Database Server started...
[25-02-2022 18:29:38] [info] - [Express] Server started successfully on port 8000...
[25-02-2022 18:29:38] [info] - [MongoDB] Database Server started...
[25-02-2022 18:32:31] [info] - [Express] Server started successfully on port 8000...
[25-02-2022 18:32:31] [info] - [MongoDB] Database Server started...
[25-02-2022 18:33:04] [info] - [Express] Server started successfully on port 8000...
[25-02-2022 18:33:04] [info] - [MongoDB] Database Server started...
[25-02-2022 18:33:28] [info] - [Express] Server started successfully on port 8000...
[25-02-2022 18:33:28] [info] - [MongoDB] Database Server started...
[25-02-2022 18:35:08] [info] - [Express] Server started successfully on port 8000...
[25-02-2022 18:35:08] [info] - [MongoDB] Database Server started...
[25-02-2022 18:35:22] [info] - [Express] Server started successfully on port 8000...
[25-02-2022 18:35:22] [info] - [MongoDB] Database Server started...
[25-02-2022 18:35:47] [info] - [Express] Server started successfully on port 8000...
[25-02-2022 18:35:47] [info] - [MongoDB] Database Server started...
[25-02-2022 18:42:02] [info] - [Express] Server started successfully on port 8000...
[25-02-2022 18:42:02] [info] - [MongoDB] Database Server started...
[25-02-2022 18:42:22] [info] - [Express] Server started successfully on port 8000...
[25-02-2022 18:42:22] [info] - [MongoDB] Database Server started...
[25-02-2022 18:42:36] [info] - [Express] Server started successfully on port 8000...
[25-02-2022 18:42:36] [info] - [MongoDB] Database Server started...
[25-02-2022 18:42:46] [info] - [Express] Server started successfully on port 8000...
[25-02-2022 18:42:46] [info] - [MongoDB] Database Server started...
[25-02-2022 18:47:14] [info] - [Express] Server started successfully on port 8000...
[25-02-2022 18:47:14] [info] - [MongoDB] Database Server started...
[25-02-2022 18:49:00] [info] - [Express] Server started successfully on port 8000...
[25-02-2022 18:49:00] [info] - [MongoDB] Database Server started...
[25-02-2022 18:49:44] [info] - [Express] Server started successfully on port 8000...
[25-02-2022 18:49:44] [info] - [MongoDB] Database Server started...
[25-02-2022 18:49:55] [info] - [Express] Server started successfully on port 8000...
[25-02-2022 18:49:55] [info] - [MongoDB] Database Server started...
[25-02-2022 18:50:12] [info] - [Express] Server started successfully on port 8000...
[25-02-2022 18:50:12] [info] - [MongoDB] Database Server started...
[25-02-2022 18:51:16] [info] - [Express] Server started successfully on port 8000...
[25-02-2022 18:51:16] [info] - [MongoDB] Database Server started...
[25-02-2022 18:51:29] [info] - [Express] Server started successfully on port 8000...
[25-02-2022 18:51:29] [info] - [MongoDB] Database Server started...
[25-02-2022 18:51:57] [info] - [Express] Server started successfully on port 8000...
[25-02-2022 18:51:57] [info] - [MongoDB] Database Server started...
[25-02-2022 18:52:04] [info] - [Express] Server started successfully on port 8000...
[25-02-2022 18:52:04] [info] - [MongoDB] Database Server started...
[25-02-2022 18:52:24] [info] - [Express] Server started successfully on port 8000...
[25-02-2022 18:52:24] [info] - [MongoDB] Database Server started...
[25-02-2022 18:54:10] [info] - [Express] Server started successfully on port 8000...
[25-02-2022 18:54:10] [info] - [MongoDB] Database Server started...
[25-02-2022 19:16:24] [info] - [Express] Server started successfully on port 8000...
[25-02-2022 19:16:24] [info] - [MongoDB] Database Server started...
[25-02-2022 19:17:11] [info] - [Express] Server started successfully on port 8000...
[25-02-2022 19:17:11] [info] - [MongoDB] Database Server started...
[25-02-2022 19:19:21] [info] - [Express] Server started successfully on port 8000...
[25-02-2022 19:19:21] [info] - [MongoDB] Database Server started...
[25-02-2022 19:21:07] [info] - Field 62191003612313a9f8e7fa9e added to Form 6218f15bf9cb4742a9af0e8b.
[25-02-2022 19:21:35] [info] - Field 6219101f612313a9f8e7faa3 added to Form 6218f2918e02aca0618e8016.
[25-02-2022 19:21:51] [info] - [Express] Server started successfully on port 8000...
[25-02-2022 19:21:51] [info] - [MongoDB] Database Server started...
[25-02-2022 19:22:04] [info] - Form 6219103cac03cf6fe4f01f3d successfully created.
[25-02-2022 19:22:26] [info] - Field 62191052ac03cf6fe4f01f41 added to Form 6219103cac03cf6fe4f01f3d.
[25-02-2022 19:22:37] [info] - Field 6219105dac03cf6fe4f01f46 added to Form 6219103cac03cf6fe4f01f3d.
[25-02-2022 19:23:30] [info] - [Express] Server started successfully on port 8000...
[25-02-2022 19:23:30] [info] - [MongoDB] Database Server started...
[25-02-2022 19:24:15] [info] - [Express] Server started successfully on port 8000...
[25-02-2022 19:24:15] [info] - [MongoDB] Database Server started...
[25-02-2022 19:28:40] [info] - [Express] Server started successfully on port 8000...
[25-02-2022 19:28:40] [info] - [MongoDB] Database Server started...
[25-02-2022 19:29:46] [info] - [Express] Server started successfully on port 8000...
[25-02-2022 19:29:46] [info] - [MongoDB] Database Server started...
[25-02-2022 19:30:47] [info] - [Express] Server started successfully on port 8000...
[25-02-2022 19:30:47] [info] - [MongoDB] Database Server started...
[25-02-2022 19:32:05] [info] - submission 62191295e8351b56628723ec made to Form 6219103cac03cf6fe4f01f3d.
[25-02-2022 19:33:45] [info] - [Express] Server started successfully on port 8000...
[25-02-2022 19:33:45] [info] - [MongoDB] Database Server started...
[25-02-2022 19:36:21] [info] - [Express] Server started successfully on port 8000...
[25-02-2022 19:36:21] [info] - [MongoDB] Database Server started...
[25-02-2022 19:36:47] [info] - [Express] Server started successfully on port 8000...
[25-02-2022 19:36:47] [info] - [MongoDB] Database Server started...
[25-02-2022 19:39:27] [info] - [Express] Server started successfully on port 8000...
[25-02-2022 19:39:27] [info] - [MongoDB] Database Server started...
[25-02-2022 19:43:54] [info] - [Express] Server started successfully on port 8000...
[25-02-2022 19:43:54] [info] - [MongoDB] Database Server started...
[25-02-2022 19:44:21] [info] - [Express] Server started successfully on port 8000...
[25-02-2022 19:44:21] [info] - [MongoDB] Database Server started...
[25-02-2022 19:44:28] [info] - [Express] Server started successfully on port 8000...
[25-02-2022 19:44:28] [info] - [MongoDB] Database Server started...
[25-02-2022 19:48:12] [info] - [Express] Server started successfully on port 8000...
[25-02-2022 19:48:12] [info] - [MongoDB] Database Server started...
[25-02-2022 19:51:47] [info] - [Express] Server started successfully on port 8000...
[25-02-2022 19:51:47] [info] - [MongoDB] Database Server started...
[25-02-2022 19:52:03] [info] - [Express] Server started successfully on port 8000...
[25-02-2022 19:52:03] [info] - [MongoDB] Database Server started...
[25-02-2022 20:07:39] [info] - [Express] Server started successfully on port 8000...
[25-02-2022 20:07:39] [info] - [MongoDB] Database Server started...
[25-02-2022 20:33:54] [info] - [Express] Server started successfully on port 8000...
[25-02-2022 20:33:54] [info] - [MongoDB] Database Server started...
[25-02-2022 22:07:09] [info] - [Express] Server started successfully on port 8000...
[25-02-2022 22:07:09] [info] - [MongoDB] Database Server started...
[25-02-2022 22:08:21] [info] - [Express] Server started successfully on port 8000...
[25-02-2022 22:08:21] [info] - [MongoDB] Database Server started...
[25-02-2022 22:08:40] [info] - [Express] Server started successfully on port 8000...
[25-02-2022 22:08:40] [info] - [MongoDB] Database Server started...
[25-02-2022 22:23:30] [info] - [Express] Server started successfully on port 8000...
[25-02-2022 22:23:30] [info] - [MongoDB] Database Server started...
[25-02-2022 22:24:24] [info] - [Express] Server started successfully on port 8000...
[25-02-2022 22:24:24] [info] - [MongoDB] Database Server started...
[25-02-2022 22:24:38] [info] - [Express] Server started successfully on port 8000...
[25-02-2022 22:24:38] [info] - [MongoDB] Database Server started...
[25-02-2022 22:25:19] [info] - [Express] Server started successfully on port 8000...
[25-02-2022 22:25:19] [info] - [MongoDB] Database Server started...
[25-02-2022 22:25:40] [info] - [Express] Server started successfully on port 8000...
[25-02-2022 22:25:40] [info] - [MongoDB] Database Server started...
[25-02-2022 22:25:52] [info] - [Express] Server started successfully on port 8000...
[25-02-2022 22:25:52] [info] - [MongoDB] Database Server started...
[25-02-2022 22:26:15] [info] - [Express] Server started successfully on port 8000...
[25-02-2022 22:26:15] [info] - [MongoDB] Database Server started...
[25-02-2022 22:26:24] [info] - [Express] Server started successfully on port 8000...
[25-02-2022 22:26:24] [info] - [MongoDB] Database Server started...
[25-02-2022 22:26:26] [info] - [Express] Server started successfully on port 8000...
[25-02-2022 22:26:26] [info] - [MongoDB] Database Server started...
[25-02-2022 22:33:14] [info] - User 62193d0a94af6f4d235cf9e4 successfully created.
[25-02-2022 22:34:46] [info] - [Express] Server started successfully on port 8000...
[25-02-2022 22:34:46] [info] - [MongoDB] Database Server started...
[25-02-2022 22:37:17] [info] - User 62193dfd99025c4855a85f87 successfully created.
[25-02-2022 22:37:54] [info] - User 62193e2299025c4855a85f8c successfully created.
[25-02-2022 22:40:13] [info] - User 62193ead99025c4855a85f98 successfully created.
[25-02-2022 22:43:01] [info] - User 62193f5599025c4855a85f9e successfully created.
[25-02-2022 22:44:31] [info] - [Express] Server started successfully on port 8000...
[25-02-2022 22:44:31] [info] - [MongoDB] Database Server started...
[26-02-2022 11:17:47] [info] - Form 6219f03ba178f15fbfce9d4d successfully created.
[26-02-2022 11:20:17] [info] - Form 6219f0d1a178f15fbfce9d50 successfully created.
[26-02-2022 11:20:36] [info] - Form 6219f0e4a178f15fbfce9d53 successfully created.
[26-02-2022 11:21:00] [info] - Form 6219f0fca178f15fbfce9d56 successfully created.
[26-02-2022 11:22:59] [info] - Form 6219f173a178f15fbfce9d59 successfully created.
[26-02-2022 11:24:54] [info] - Form 6219f1e6a178f15fbfce9d5c successfully created.
[26-02-2022 12:34:42] [info] - [Express] Server started successfully on port 8000...
[26-02-2022 12:34:42] [info] - [MongoDB] Database Server started...
[26-02-2022 12:46:07] [info] - [Express] Server started successfully on port 8000...
[26-02-2022 12:46:08] [info] - [MongoDB] Database Server started...
[26-02-2022 12:46:34] [info] - [Express] Server started successfully on port 8000...
[26-02-2022 12:46:34] [info] - [MongoDB] Database Server started...
[26-02-2022 12:46:37] [info] - Field 621a050d87956745e7684794 added to Form 6219f1e6a178f15fbfce9d5c.
[26-02-2022 12:46:50] [info] - [Express] Server started successfully on port 8000...
[26-02-2022 12:46:50] [info] - [MongoDB] Database Server started...
[26-02-2022 12:48:22] [info] - [Express] Server started successfully on port 8000...
[26-02-2022 12:48:22] [info] - [MongoDB] Database Server started...
[26-02-2022 12:54:23] [info] - Field 621a06df5238199c45e765b9 added to Form 6219f1e6a178f15fbfce9d5c.
[26-02-2022 12:55:19] [info] - [Express] Server started successfully on port 8000...
[26-02-2022 12:55:19] [info] - [MongoDB] Database Server started...
[26-02-2022 12:55:23] [info] - [Express] Server started successfully on port 8000...
[26-02-2022 12:55:23] [info] - [MongoDB] Database Server started...
[26-02-2022 12:55:43] [info] - Field 621a072f5c8c424a3448f4ba added to Form 6219f1e6a178f15fbfce9d5c.
[26-02-2022 12:56:32] [info] - Field 621a07605c8c424a3448f4c0 added to Form 6219f1e6a178f15fbfce9d5c.
[26-02-2022 12:57:30] [info] - [Express] Server started successfully on port 8000...
[26-02-2022 12:57:30] [info] - [MongoDB] Database Server started...
[26-02-2022 12:58:05] [info] - Field 621a07bda1d55bf7e67d2c14 added to Form 6219f1e6a178f15fbfce9d5c.
[26-02-2022 12:59:09] [info] - [Express] Server started successfully on port 8000...
[26-02-2022 12:59:09] [info] - [MongoDB] Database Server started...
[26-02-2022 12:59:28] [info] - Field 621a08102476b55cb1b6d75d added to Form 6219f1e6a178f15fbfce9d5c.
[26-02-2022 12:59:51] [info] - [Express] Server started successfully on port 8000...
[26-02-2022 12:59:51] [info] - [MongoDB] Database Server started...
[26-02-2022 13:00:08] [info] - Field 621a083888a533ebb0cc744a added to Form 6219f1e6a178f15fbfce9d5c.
[26-02-2022 13:00:57] [info] - [Express] Server started successfully on port 8000...
[26-02-2022 13:00:57] [info] - [MongoDB] Database Server started...
[26-02-2022 13:01:04] [info] - Field 621a08704a1be54da7461897 added to Form 6219f1e6a178f15fbfce9d5c.
[26-02-2022 13:01:28] [info] - [Express] Server started successfully on port 8000...
[26-02-2022 13:01:28] [info] - [MongoDB] Database Server started...
[26-02-2022 13:02:11] [info] - Field 621a08b324433e23ef48b364 added to Form 6219f1e6a178f15fbfce9d5c.
[26-02-2022 13:03:52] [info] - Field 621a091824433e23ef48b379 added to Form 6219f1e6a178f15fbfce9d5c.
[26-02-2022 13:10:47] [info] - [Express] Server started successfully on port 8000...
[26-02-2022 13:10:47] [info] - [MongoDB] Database Server started...
[26-02-2022 13:11:17] [info] - [Express] Server started successfully on port 8000...
[26-02-2022 13:11:17] [info] - [MongoDB] Database Server started...
[26-02-2022 13:11:38] [info] - [Express] Server started successfully on port 8000...
[26-02-2022 13:11:38] [info] - [MongoDB] Database Server started...
[26-02-2022 14:14:03] [info] - Field 621a198b341338a5a4d18014 added to Form 6219103cac03cf6fe4f01f3d.
[26-02-2022 14:18:08] [info] - [Express] Server started successfully on port 8000...
[26-02-2022 14:18:08] [info] - [MongoDB] Database Server started...
[26-02-2022 14:18:21] [info] - [Express] Server started successfully on port 8000...
[26-02-2022 14:18:21] [info] - [MongoDB] Database Server started...
[26-02-2022 14:18:50] [info] - [Express] Server started successfully on port 8000...
[26-02-2022 14:18:50] [info] - [MongoDB] Database Server started...
[26-02-2022 14:19:04] [info] - [Express] Server started successfully on port 8000...
[26-02-2022 14:19:04] [info] - [MongoDB] Database Server started...
[26-02-2022 14:19:19] [info] - [Express] Server started successfully on port 8000...
[26-02-2022 14:19:20] [info] - [MongoDB] Database Server started...
[26-02-2022 14:20:21] [info] - [Express] Server started successfully on port 8000...
[26-02-2022 14:20:21] [info] - [MongoDB] Database Server started...
[26-02-2022 14:21:17] [info] - [Express] Server started successfully on port 8000...
[26-02-2022 14:21:17] [info] - [MongoDB] Database Server started...
[26-02-2022 14:22:00] [info] - [Express] Server started successfully on port 8000...
[26-02-2022 14:22:00] [info] - [MongoDB] Database Server started...
[26-02-2022 14:23:21] [info] - [Express] Server started successfully on port 8000...
[26-02-2022 14:23:21] [info] - [MongoDB] Database Server started...
[26-02-2022 14:25:07] [info] - [Express] Server started successfully on port 8000...
[26-02-2022 14:25:07] [info] - [MongoDB] Database Server started...
[26-02-2022 14:25:22] [info] - [Express] Server started successfully on port 8000...
[26-02-2022 14:25:22] [info] - [MongoDB] Database Server started...
[26-02-2022 14:25:37] [info] - [Express] Server started successfully on port 8000...
[26-02-2022 14:25:37] [info] - [MongoDB] Database Server started...
[26-02-2022 14:26:20] [info] - submission 621a1c6c2415710161a1296e made to Form 6219103cac03cf6fe4f01f3d.
[26-02-2022 14:26:54] [info] - submission 621a1c8e2415710161a12975 made to Form 6219103cac03cf6fe4f01f3d.
[26-02-2022 15:22:04] [info] - submission 621a297c2415710161a12b36 made to Form 6219103cac03cf6fe4f01f3d.
[26-02-2022 15:22:27] [info] - submission 621a29932415710161a12b3b made to Form 6219103cac03cf6fe4f01f3d.
[26-02-2022 15:23:34] [info] - submission 621a29d62415710161a12b48 made to Form 6219103cac03cf6fe4f01f3d.
[26-02-2022 15:26:55] [info] - submission 621a2a9f2415710161a12b65 made to Form 6219103cac03cf6fe4f01f3d.
[26-02-2022 15:57:35] [info] - submission 621a31cf2415710161a12c2b made to Form 6219103cac03cf6fe4f01f3d.
[26-02-2022 15:59:22] [info] - submission 621a323a2415710161a12c3c made to Form 6219103cac03cf6fe4f01f3d.
